<?xml version="1.0" encoding="UTF-8"?>
<!-- Generated by org.testng.reporters.JUnitXMLReporter -->
<testsuite ignored="13" hostname="DESKTOP-132NBAJ" failures="0" tests="8" name="RegressionTest" time="322.486" errors="0" timestamp="2025-05-22T11:08:34 IST">
  <testcase classname="com.vtiger.crm.ServicesTest.CreateServicesTest" name="createServiceTest" time="17.85"/>
  <testcase classname="com.vtiger.crm.OpportunityTest.CreateOpportunityTest" name="checkOpportunityNameTest" time="31.656"/>
  <testcase classname="com.vtiger.crm.ContactTest.CreateContactTest" name="createConatctWithSupportedDateTest" time="17.947"/>
  <testcase classname="com.vtiger.crm.ContactTest.CreateContactTest" name="createContactWithOrgTest" time="28.956"/>
  <testcase classname="com.vtiger.crm.OrgTest.CreateOrgTest" name="createOrgWithIndustryTypeTest" time="18.625"/>
  <testcase classname="com.vtiger.crm.OrgTest.CreateOrgTest" name="createOrgWithPhoneNumberTest" time="15.853"/>
  <testcase classname="com.vtiger.crm.InvoiceTest.CreateInvoiceTest" name="createInvoicewithPO_SO" time="89.844"/>
  <testcase classname="com.vtiger.crm.PurchaseOrderTest.CreatePOTest" name="createPurchaseOrderTest" time="54.899"/>
  <testcase classname="com.vtiger.crm.generic.BaseUtility.BaseClass" name="@AfterSuite CloseConnection" time="0.0">
    <ignored/>
  </testcase> <!-- @AfterSuite CloseConnection -->
  <testcase classname="com.vtiger.crm.generic.BaseUtility.BaseClass" name="@BeforeSuite GetConnectionDB" time="0.0">
    <ignored/>
  </testcase> <!-- @BeforeSuite GetConnectionDB -->
  <testcase classname="com.vtiger.crm.generic.BaseUtility.BaseClass" name="@BeforeSuite GetConnectionDB" time="0.0">
    <ignored/>
  </testcase> <!-- @BeforeSuite GetConnectionDB -->
  <testcase classname="com.vtiger.crm.generic.BaseUtility.BaseClass" name="@BeforeSuite GetConnectionDB" time="0.0">
    <ignored/>
  </testcase> <!-- @BeforeSuite GetConnectionDB -->
  <testcase classname="com.vtiger.crm.generic.BaseUtility.BaseClass" name="@AfterSuite CloseConnection" time="0.0">
    <ignored/>
  </testcase> <!-- @AfterSuite CloseConnection -->
  <testcase classname="com.vtiger.crm.generic.BaseUtility.BaseClass" name="@AfterSuite CloseConnection" time="0.0">
    <ignored/>
  </testcase> <!-- @AfterSuite CloseConnection -->
  <testcase classname="com.vtiger.crm.generic.BaseUtility.BaseClass" name="@BeforeSuite GetConnectionDB" time="0.0">
    <ignored/>
  </testcase> <!-- @BeforeSuite GetConnectionDB -->
  <testcase classname="com.vtiger.crm.OpportunityTest.CreateOpportunityTest" name="createOpportunityTest" time="0.0">
    <ignored/>
  </testcase> <!-- createOpportunityTest -->
  <testcase classname="com.vtiger.crm.generic.BaseUtility.BaseClass" name="@BeforeSuite GetConnectionDB" time="0.0">
    <ignored/>
  </testcase> <!-- @BeforeSuite GetConnectionDB -->
  <testcase classname="com.vtiger.crm.OrgTest.CreateOrgTest" name="createOrg" time="0.0">
    <ignored/>
  </testcase> <!-- createOrg -->
  <testcase classname="com.vtiger.crm.generic.BaseUtility.BaseClass" name="@AfterSuite CloseConnection" time="0.0">
    <ignored/>
  </testcase> <!-- @AfterSuite CloseConnection -->
  <testcase classname="com.vtiger.crm.generic.BaseUtility.BaseClass" name="@AfterSuite CloseConnection" time="0.0">
    <ignored/>
  </testcase> <!-- @AfterSuite CloseConnection -->
  <testcase classname="com.vtiger.crm.ContactTest.CreateContactTest" name="createContact" time="0.0">
    <ignored/>
  </testcase> <!-- createContact -->
</testsuite> <!-- RegressionTest -->
