<?xml version="1.0" encoding="UTF-8"?>
<!-- Generated by org.testng.reporters.JUnitXMLReporter -->
<testsuite ignored="7" hostname="DESKTOP-132NBAJ" failures="0" tests="3" name="SmokeTest" time="96.822" errors="0" timestamp="2025-05-22T10:26:43 IST">
  <testcase classname="com.vtiger.crm.OpportunityTest.CreateOpportunityTest" name="createOpportunityTest" time="28.97"/>
  <testcase classname="com.vtiger.crm.ContactTest.CreateContactTest" name="createContact" time="21.616"/>
  <testcase classname="com.vtiger.crm.OrgTest.CreateOrgTest" name="createOrg" time="19.446"/>
  <testcase classname="com.vtiger.crm.ContactTest.CreateContactTest" name="createConatctWithSupportedDateTest" time="0.0">
    <ignored/>
  </testcase> <!-- createConatctWithSupportedDateTest -->
  <testcase classname="com.vtiger.crm.generic.BaseUtility.BaseClass" name="@BeforeSuite GetConnectionDB" time="0.0">
    <ignored/>
  </testcase> <!-- @BeforeSuite GetConnectionDB -->
  <testcase classname="com.vtiger.crm.OpportunityTest.CreateOpportunityTest" name="checkOpportunityNameTest" time="0.0">
    <ignored/>
  </testcase> <!-- checkOpportunityNameTest -->
  <testcase classname="com.vtiger.crm.generic.BaseUtility.BaseClass" name="@BeforeSuite GetConnectionDB" time="0.0">
    <ignored/>
  </testcase> <!-- @BeforeSuite GetConnectionDB -->
  <testcase classname="com.vtiger.crm.ContactTest.CreateContactTest" name="createContactWithOrgTest" time="0.0">
    <ignored/>
  </testcase> <!-- createContactWithOrgTest -->
  <testcase classname="com.vtiger.crm.OrgTest.CreateOrgTest" name="createOrgWithPhoneNumberTest" time="0.0">
    <ignored/>
  </testcase> <!-- createOrgWithPhoneNumberTest -->
  <testcase classname="com.vtiger.crm.OrgTest.CreateOrgTest" name="createOrgWithIndustryTypeTest" time="0.0">
    <ignored/>
  </testcase> <!-- createOrgWithIndustryTypeTest -->
</testsuite> <!-- SmokeTest -->
