<?xml version="1.0" encoding="UTF-8"?>
<!-- Generated by org.testng.reporters.JUnitXMLReporter -->
<testsuite ignored="0" hostname="DESKTOP-132NBAJ" failures="0" tests="3" name="Test" time="88.452" errors="0" timestamp="2025-05-09T15:39:55 IST">
  <testcase classname="com.vtiger.crm.ContactTest.CreateContactTest" name="createConatctWithSupportedDateTest" time="14.04"/>
  <testcase classname="com.vtiger.crm.ContactTest.CreateContactTest" name="createContact" time="15.581"/>
  <testcase classname="com.vtiger.crm.ContactTest.CreateContactTest" name="createContactWithOrgTest" time="32.519"/>
</testsuite> <!-- Test -->
