<?xml version="1.0" encoding="UTF-8"?>
<!-- Generated by org.testng.reporters.JUnitXMLReporter -->
<testsuite ignored="0" hostname="DESKTOP-132NBAJ" failures="0" tests="3" name="Test" time="71.305" errors="0" timestamp="2025-05-21T20:17:22 IST">
  <testcase classname="com.vtiger.crm.OrgTest.CreateOrgTest" name="createOrg" time="15.175"/>
  <testcase classname="com.vtiger.crm.OrgTest.CreateOrgTest" name="createOrgWithIndustryTypeTest" time="15.278"/>
  <testcase classname="com.vtiger.crm.OrgTest.CreateOrgTest" name="createOrgWithPhoneNumberTest" time="14.083"/>
</testsuite> <!-- Test -->
