<?xml version="1.0" encoding="UTF-8"?>
<!-- Generated by org.testng.reporters.JUnitXMLReporter -->
<testsuite ignored="8" hostname="DESKTOP-132NBAJ" failures="7" tests="10" name="Test_Vtiger" time="200.636" errors="0" timestamp="2025-05-21T15:38:25 IST">
  <testcase classname="com.vtiger.crm.generic.BaseUtility.BaseClass" name="@AfterMethod LogOutApplication" time="15.303">
    <failure type="org.openqa.selenium.NoSuchElementException" message="no such element: Unable to locate element: {&amp;quot;method&amp;quot;:&amp;quot;link text&amp;quot;,&amp;quot;selector&amp;quot;:&amp;quot;Sign Out&amp;quot;}
  (Session info: chrome=136.0.7103.93)
For documentation on this error, please visit: https://www.selenium.dev/documentation/webdriver/troubleshooting/errors#no-such-element-exception
Build info: version: &amp;apos;4.29.0&amp;apos;, revision: &amp;apos;5fc1ec94cb&amp;apos;
System info: os.name: &amp;apos;Windows 10&amp;apos;, os.arch: &amp;apos;amd64&amp;apos;, os.version: &amp;apos;10.0&amp;apos;, java.version: &amp;apos;21.0.5&amp;apos;
Driver info: org.openqa.selenium.chrome.ChromeDriver
Command: [ad91342f55623c41e798d70eec42f1eb, findElement {value=Sign Out, using=link text}]
Capabilities {acceptInsecureCerts: false, browserName: chrome, browserVersion: 136.0.7103.93, chrome: {chromedriverVersion: 136.0.7103.94 (fa0be0b33deb..., userDataDir: C:\Users\Admin\AppData\Loca...}, fedcm:accounts: true, goog:chromeOptions: {debuggerAddress: localhost:61010}, networkConnectionEnabled: false, pageLoadStrategy: normal, platformName: windows, proxy: Proxy(), se:cdp: ws://localhost:61010/devtoo..., se:cdpVersion: 136.0.7103.93, setWindowRect: true, strictFileInteractability: false, timeouts: {implicit: 0, pageLoad: 300000, script: 30000}, unhandledPromptBehavior: dismiss and notify, webauthn:extension:credBlob: true, webauthn:extension:largeBlob: true, webauthn:extension:minPinLength: true, webauthn:extension:prf: true, webauthn:virtualAuthenticators: true}
Session ID: ad91342f55623c41e798d70eec42f1eb">
      <![CDATA[org.openqa.selenium.NoSuchElementException: no such element: Unable to locate element: {"method":"link text","selector":"Sign Out"}
  (Session info: chrome=136.0.7103.93)
For documentation on this error, please visit: https://www.selenium.dev/documentation/webdriver/troubleshooting/errors#no-such-element-exception
Build info: version: '4.29.0', revision: '5fc1ec94cb'
System info: os.name: 'Windows 10', os.arch: 'amd64', os.version: '10.0', java.version: '21.0.5'
Driver info: org.openqa.selenium.chrome.ChromeDriver
Command: [ad91342f55623c41e798d70eec42f1eb, findElement {value=Sign Out, using=link text}]
Capabilities {acceptInsecureCerts: false, browserName: chrome, browserVersion: 136.0.7103.93, chrome: {chromedriverVersion: 136.0.7103.94 (fa0be0b33deb..., userDataDir: C:\Users\Admin\AppData\Loca...}, fedcm:accounts: true, goog:chromeOptions: {debuggerAddress: localhost:61010}, networkConnectionEnabled: false, pageLoadStrategy: normal, platformName: windows, proxy: Proxy(), se:cdp: ws://localhost:61010/devtoo..., se:cdpVersion: 136.0.7103.93, setWindowRect: true, strictFileInteractability: false, timeouts: {implicit: 0, pageLoad: 300000, script: 30000}, unhandledPromptBehavior: dismiss and notify, webauthn:extension:credBlob: true, webauthn:extension:largeBlob: true, webauthn:extension:minPinLength: true, webauthn:extension:prf: true, webauthn:virtualAuthenticators: true}
Session ID: ad91342f55623c41e798d70eec42f1eb
at org.openqa.selenium.remote.ErrorCodec.decode(ErrorCodec.java:167)
at org.openqa.selenium.remote.codec.w3c.W3CHttpResponseCodec.decode(W3CHttpResponseCodec.java:138)
at org.openqa.selenium.remote.codec.w3c.W3CHttpResponseCodec.decode(W3CHttpResponseCodec.java:50)
at org.openqa.selenium.remote.HttpCommandExecutor.execute(HttpCommandExecutor.java:215)
at org.openqa.selenium.remote.service.DriverCommandExecutor.invokeExecute(DriverCommandExecutor.java:216)
at org.openqa.selenium.remote.service.DriverCommandExecutor.execute(DriverCommandExecutor.java:174)
at org.openqa.selenium.remote.RemoteWebDriver.execute(RemoteWebDriver.java:545)
at org.openqa.selenium.remote.ElementLocation$ElementFinder$2.findElement(ElementLocation.java:165)
at org.openqa.selenium.remote.ElementLocation.findElement(ElementLocation.java:59)
at org.openqa.selenium.remote.RemoteWebDriver.findElement(RemoteWebDriver.java:368)
at org.openqa.selenium.remote.RemoteWebDriver.findElement(RemoteWebDriver.java:362)
at org.openqa.selenium.support.pagefactory.DefaultElementLocator.findElement(DefaultElementLocator.java:68)
at org.openqa.selenium.support.pagefactory.internal.LocatingElementHandler.invoke(LocatingElementHandler.java:38)
at jdk.proxy2/jdk.proxy2.$Proxy16.click(Unknown Source)
at com.vtiger.crm.ObjectRepositoryUtility.HomePage.signOut(HomePage.java:70)
at com.vtiger.crm.generic.BaseUtility.BaseClass.LogOutApplication(BaseClass.java:85)
at java.base/java.util.ArrayList.forEach(ArrayList.java:1596)
... Removed 33 stack frames]]>
    </failure>
  </testcase> <!-- @AfterMethod LogOutApplication -->
  <testcase classname="com.vtiger.crm.generic.BaseUtility.BaseClass" name="@BeforeMethod LoginToApplication" time="0.0">
    <skipped/>
  </testcase> <!-- @BeforeMethod LoginToApplication -->
  <testcase classname="com.vtiger.crm.generic.BaseUtility.BaseClass" name="@AfterMethod LogOutApplication" time="0.0">
    <skipped/>
  </testcase> <!-- @AfterMethod LogOutApplication -->
  <testcase classname="com.vtiger.crm.generic.BaseUtility.BaseClass" name="@AfterClass CloseBrowser" time="0.0">
    <skipped/>
  </testcase> <!-- @AfterClass CloseBrowser -->
  <testcase classname="com.vtiger.crm.ContactTest.CreateContactTest" name="createConatctWithSupportedDateTest" time="0.081">
    <failure type="java.lang.NullPointerException" message="Cannot invoke &amp;quot;com.aventstack.extentreports.ExtentTest.log(com.aventstack.extentreports.Status, String)&amp;quot; because the return value of &amp;quot;com.vtiger.crm.generic.webdriverutility.UtilityClassObject.getTest()&amp;quot; is null">
      <![CDATA[java.lang.NullPointerException: Cannot invoke "com.aventstack.extentreports.ExtentTest.log(com.aventstack.extentreports.Status, String)" because the return value of "com.vtiger.crm.generic.webdriverutility.UtilityClassObject.getTest()" is null
at com.vtiger.crm.ContactTest.CreateContactTest.createConatctWithSupportedDateTest(CreateContactTest.java:58)
at java.base/java.util.ArrayList.forEach(ArrayList.java:1596)
... Removed 25 stack frames]]>
    </failure>
  </testcase> <!-- createConatctWithSupportedDateTest -->
  <testcase classname="com.vtiger.crm.ContactTest.CreateContactTest" name="createContact" time="0.006">
    <failure type="java.lang.NullPointerException" message="Cannot invoke &amp;quot;com.aventstack.extentreports.ExtentTest.log(com.aventstack.extentreports.Status, String)&amp;quot; because the return value of &amp;quot;com.vtiger.crm.generic.webdriverutility.UtilityClassObject.getTest()&amp;quot; is null">
      <![CDATA[java.lang.NullPointerException: Cannot invoke "com.aventstack.extentreports.ExtentTest.log(com.aventstack.extentreports.Status, String)" because the return value of "com.vtiger.crm.generic.webdriverutility.UtilityClassObject.getTest()" is null
at com.vtiger.crm.ContactTest.CreateContactTest.createContact(CreateContactTest.java:33)
at java.base/java.util.ArrayList.forEach(ArrayList.java:1596)
... Removed 25 stack frames]]>
    </failure>
  </testcase> <!-- createContact -->
  <testcase classname="com.vtiger.crm.ContactTest.CreateContactTest" name="createContactWithOrgTest" time="0.018">
    <failure type="java.lang.NullPointerException" message="Cannot invoke &amp;quot;com.aventstack.extentreports.ExtentTest.log(com.aventstack.extentreports.Status, String)&amp;quot; because the return value of &amp;quot;com.vtiger.crm.generic.webdriverutility.UtilityClassObject.getTest()&amp;quot; is null">
      <![CDATA[java.lang.NullPointerException: Cannot invoke "com.aventstack.extentreports.ExtentTest.log(com.aventstack.extentreports.Status, String)" because the return value of "com.vtiger.crm.generic.webdriverutility.UtilityClassObject.getTest()" is null
at com.vtiger.crm.ContactTest.CreateContactTest.createContactWithOrgTest(CreateContactTest.java:88)
at java.base/java.util.ArrayList.forEach(ArrayList.java:1596)
... Removed 25 stack frames]]>
    </failure>
  </testcase> <!-- createContactWithOrgTest -->
  <testcase classname="com.vtiger.crm.OpportunityTest.CreateOpportunityTest" name="checkOpportunityNameTest" time="19.088">
    <failure type="org.openqa.selenium.ElementClickInterceptedException" message="element click intercepted: Element &amp;lt;a href=&amp;quot;index.php?module=Potentials&amp;amp;amp;action=index&amp;quot;&amp;gt;...&amp;lt;/a&amp;gt; is not clickable at point (438, 63). Other element would receive the click: &amp;lt;div id=&amp;quot;__vtigerjs_dialogbox_olayer__&amp;quot; class=&amp;quot;small veil&amp;quot; style=&amp;quot;z-index: 1747821969; height: 1049px; width: 100%; display: block; opacity: 0.3;&amp;quot;&amp;gt;...&amp;lt;/div&amp;gt;
  (Session info: chrome=136.0.7103.93)
Build info: version: &amp;apos;4.29.0&amp;apos;, revision: &amp;apos;5fc1ec94cb&amp;apos;
System info: os.name: &amp;apos;Windows 10&amp;apos;, os.arch: &amp;apos;amd64&amp;apos;, os.version: &amp;apos;10.0&amp;apos;, java.version: &amp;apos;21.0.5&amp;apos;
Driver info: org.openqa.selenium.chrome.ChromeDriver
Command: [ad91342f55623c41e798d70eec42f1eb, clickElement {id=f.1ECC4CF143CDC6DAC4C0D6319A37AFFC.d.7049C1898B561B868FB5E4F7F8849EF6.e.467}]
Capabilities {acceptInsecureCerts: false, browserName: chrome, browserVersion: 136.0.7103.93, chrome: {chromedriverVersion: 136.0.7103.94 (fa0be0b33deb..., userDataDir: C:\Users\Admin\AppData\Loca...}, fedcm:accounts: true, goog:chromeOptions: {debuggerAddress: localhost:61010}, networkConnectionEnabled: false, pageLoadStrategy: normal, platformName: windows, proxy: Proxy(), se:cdp: ws://localhost:61010/devtoo..., se:cdpVersion: 136.0.7103.93, setWindowRect: true, strictFileInteractability: false, timeouts: {implicit: 0, pageLoad: 300000, script: 30000}, unhandledPromptBehavior: dismiss and notify, webauthn:extension:credBlob: true, webauthn:extension:largeBlob: true, webauthn:extension:minPinLength: true, webauthn:extension:prf: true, webauthn:virtualAuthenticators: true}
Element: [[ChromeDriver: chrome on windows (ad91342f55623c41e798d70eec42f1eb)] -&amp;gt; link text: Opportunities]
Session ID: ad91342f55623c41e798d70eec42f1eb">
      <![CDATA[org.openqa.selenium.ElementClickInterceptedException: element click intercepted: Element <a href="index.php?module=Potentials&amp;action=index">...</a> is not clickable at point (438, 63). Other element would receive the click: <div id="__vtigerjs_dialogbox_olayer__" class="small veil" style="z-index: 1747821969; height: 1049px; width: 100%; display: block; opacity: 0.3;">...</div>
  (Session info: chrome=136.0.7103.93)
Build info: version: '4.29.0', revision: '5fc1ec94cb'
System info: os.name: 'Windows 10', os.arch: 'amd64', os.version: '10.0', java.version: '21.0.5'
Driver info: org.openqa.selenium.chrome.ChromeDriver
Command: [ad91342f55623c41e798d70eec42f1eb, clickElement {id=f.1ECC4CF143CDC6DAC4C0D6319A37AFFC.d.7049C1898B561B868FB5E4F7F8849EF6.e.467}]
Capabilities {acceptInsecureCerts: false, browserName: chrome, browserVersion: 136.0.7103.93, chrome: {chromedriverVersion: 136.0.7103.94 (fa0be0b33deb..., userDataDir: C:\Users\Admin\AppData\Loca...}, fedcm:accounts: true, goog:chromeOptions: {debuggerAddress: localhost:61010}, networkConnectionEnabled: false, pageLoadStrategy: normal, platformName: windows, proxy: Proxy(), se:cdp: ws://localhost:61010/devtoo..., se:cdpVersion: 136.0.7103.93, setWindowRect: true, strictFileInteractability: false, timeouts: {implicit: 0, pageLoad: 300000, script: 30000}, unhandledPromptBehavior: dismiss and notify, webauthn:extension:credBlob: true, webauthn:extension:largeBlob: true, webauthn:extension:minPinLength: true, webauthn:extension:prf: true, webauthn:virtualAuthenticators: true}
Element: [[ChromeDriver: chrome on windows (ad91342f55623c41e798d70eec42f1eb)] -> link text: Opportunities]
Session ID: ad91342f55623c41e798d70eec42f1eb
at org.openqa.selenium.remote.ErrorCodec.decode(ErrorCodec.java:167)
at org.openqa.selenium.remote.codec.w3c.W3CHttpResponseCodec.decode(W3CHttpResponseCodec.java:138)
at org.openqa.selenium.remote.codec.w3c.W3CHttpResponseCodec.decode(W3CHttpResponseCodec.java:50)
at org.openqa.selenium.remote.HttpCommandExecutor.execute(HttpCommandExecutor.java:215)
at org.openqa.selenium.remote.service.DriverCommandExecutor.invokeExecute(DriverCommandExecutor.java:216)
at org.openqa.selenium.remote.service.DriverCommandExecutor.execute(DriverCommandExecutor.java:174)
at org.openqa.selenium.remote.RemoteWebDriver.execute(RemoteWebDriver.java:545)
at org.openqa.selenium.remote.RemoteWebElement.execute(RemoteWebElement.java:223)
at org.openqa.selenium.remote.RemoteWebElement.click(RemoteWebElement.java:76)
at org.openqa.selenium.support.pagefactory.internal.LocatingElementHandler.invoke(LocatingElementHandler.java:51)
at jdk.proxy2/jdk.proxy2.$Proxy16.click(Unknown Source)
at com.vtiger.crm.OpportunityTest.CreateOpportunityTest.checkOpportunityNameTest(CreateOpportunityTest.java:89)
at java.base/java.util.ArrayList.forEach(ArrayList.java:1596)
... Removed 30 stack frames]]>
    </failure>
  </testcase> <!-- checkOpportunityNameTest -->
  <testcase classname="com.vtiger.crm.OpportunityTest.CreateOpportunityTest" name="createOpportunityTest" time="0.0">
    <skipped/>
  </testcase> <!-- createOpportunityTest -->
  <testcase classname="com.vtiger.crm.OrgTest.CreateOrgTest" name="createOrg" time="0.005">
    <failure type="java.lang.NullPointerException" message="Cannot invoke &amp;quot;com.aventstack.extentreports.ExtentTest.log(com.aventstack.extentreports.Status, String)&amp;quot; because the return value of &amp;quot;com.vtiger.crm.generic.webdriverutility.UtilityClassObject.getTest()&amp;quot; is null">
      <![CDATA[java.lang.NullPointerException: Cannot invoke "com.aventstack.extentreports.ExtentTest.log(com.aventstack.extentreports.Status, String)" because the return value of "com.vtiger.crm.generic.webdriverutility.UtilityClassObject.getTest()" is null
at com.vtiger.crm.OrgTest.CreateOrgTest.createOrg(CreateOrgTest.java:37)
at java.base/java.util.ArrayList.forEach(ArrayList.java:1596)
... Removed 25 stack frames]]>
    </failure>
  </testcase> <!-- createOrg -->
  <testcase classname="com.vtiger.crm.OrgTest.CreateOrgTest" name="createOrgWithIndustryTypeTest" time="0.003">
    <failure type="java.lang.NullPointerException" message="Cannot invoke &amp;quot;com.aventstack.extentreports.ExtentTest.log(com.aventstack.extentreports.Status, String)&amp;quot; because the return value of &amp;quot;com.vtiger.crm.generic.webdriverutility.UtilityClassObject.getTest()&amp;quot; is null">
      <![CDATA[java.lang.NullPointerException: Cannot invoke "com.aventstack.extentreports.ExtentTest.log(com.aventstack.extentreports.Status, String)" because the return value of "com.vtiger.crm.generic.webdriverutility.UtilityClassObject.getTest()" is null
at com.vtiger.crm.OrgTest.CreateOrgTest.createOrgWithIndustryTypeTest(CreateOrgTest.java:62)
at java.base/java.util.ArrayList.forEach(ArrayList.java:1596)
... Removed 25 stack frames]]>
    </failure>
  </testcase> <!-- createOrgWithIndustryTypeTest -->
  <testcase classname="com.vtiger.crm.OrgTest.CreateOrgTest" name="createOrgWithPhoneNumberTest" time="0.005">
    <failure type="java.lang.NullPointerException" message="Cannot invoke &amp;quot;com.aventstack.extentreports.ExtentTest.log(com.aventstack.extentreports.Status, String)&amp;quot; because the return value of &amp;quot;com.vtiger.crm.generic.webdriverutility.UtilityClassObject.getTest()&amp;quot; is null">
      <![CDATA[java.lang.NullPointerException: Cannot invoke "com.aventstack.extentreports.ExtentTest.log(com.aventstack.extentreports.Status, String)" because the return value of "com.vtiger.crm.generic.webdriverutility.UtilityClassObject.getTest()" is null
at com.vtiger.crm.OrgTest.CreateOrgTest.createOrgWithPhoneNumberTest(CreateOrgTest.java:96)
at java.base/java.util.ArrayList.forEach(ArrayList.java:1596)
... Removed 25 stack frames]]>
    </failure>
  </testcase> <!-- createOrgWithPhoneNumberTest -->
  <testcase classname="com.vtiger.crm.PurchaseOrderTest.CreatePOTest" name="createPurchaseOrderTest" time="51.432"/>
  <testcase classname="com.vtiger.crm.ServicesTest.CreateServicesTest" name="createServiceTest" time="14.214"/>
  <testcase classname="com.vtiger.crm.generic.BaseUtility.BaseClass" name="@AfterSuite CloseConnection" time="0.0">
    <ignored/>
  </testcase> <!-- @AfterSuite CloseConnection -->
  <testcase classname="com.vtiger.crm.generic.BaseUtility.BaseClass" name="@BeforeSuite GetConnectionDB" time="0.0">
    <ignored/>
  </testcase> <!-- @BeforeSuite GetConnectionDB -->
  <testcase classname="com.vtiger.crm.generic.BaseUtility.BaseClass" name="@BeforeSuite GetConnectionDB" time="0.0">
    <ignored/>
  </testcase> <!-- @BeforeSuite GetConnectionDB -->
  <testcase classname="com.vtiger.crm.generic.BaseUtility.BaseClass" name="@BeforeSuite GetConnectionDB" time="0.0">
    <ignored/>
  </testcase> <!-- @BeforeSuite GetConnectionDB -->
  <testcase classname="com.vtiger.crm.generic.BaseUtility.BaseClass" name="@AfterSuite CloseConnection" time="0.0">
    <ignored/>
  </testcase> <!-- @AfterSuite CloseConnection -->
  <testcase classname="com.vtiger.crm.generic.BaseUtility.BaseClass" name="@AfterSuite CloseConnection" time="0.0">
    <ignored/>
  </testcase> <!-- @AfterSuite CloseConnection -->
  <testcase classname="com.vtiger.crm.generic.BaseUtility.BaseClass" name="@BeforeSuite GetConnectionDB" time="0.0">
    <ignored/>
  </testcase> <!-- @BeforeSuite GetConnectionDB -->
  <testcase classname="com.vtiger.crm.generic.BaseUtility.BaseClass" name="@AfterSuite CloseConnection" time="0.0">
    <ignored/>
  </testcase> <!-- @AfterSuite CloseConnection -->
</testsuite> <!-- Test_Vtiger -->
